<?xml version="1.0" encoding="UTF-8"?>
<testsuite name="com.apress.isf.java.MyDocumentsTest" tests="2" skipped="0" failures="0" errors="0" timestamp="2015-08-02T22:39:55" hostname="seymourdiera" time="0.485">
  <properties/>
  <testcase name="testWithSpringFindAll" classname="com.apress.isf.java.MyDocumentsTest" time="0.426"/>
  <testcase name="testWithSpringFindByType" classname="com.apress.isf.java.MyDocumentsTest" time="0.058"/>
  <system-out><![CDATA[]]></system-out>
  <system-err><![CDATA[ago 02, 2015 5:39:55 PM org.springframework.context.support.ClassPathXmlApplicationContext prepareRefresh
INFORMACIÓN: Refreshing org.springframework.context.support.ClassPathXmlApplicationContext@461f67c2: startup date [Sun Aug 02 17:39:55 COT 2015]; root of context hierarchy
ago 02, 2015 5:39:55 PM org.springframework.beans.factory.xml.XmlBeanDefinitionReader loadBeanDefinitions
INFORMACIÓN: Loading XML bean definitions from class path resource [META-INF/spring/mydocuments-context.xml]
ago 02, 2015 5:39:55 PM org.springframework.context.support.ClassPathXmlApplicationContext prepareRefresh
INFORMACIÓN: Refreshing org.springframework.context.support.ClassPathXmlApplicationContext@26522494: startup date [Sun Aug 02 17:39:55 COT 2015]; root of context hierarchy
ago 02, 2015 5:39:55 PM org.springframework.beans.factory.xml.XmlBeanDefinitionReader loadBeanDefinitions
INFORMACIÓN: Loading XML bean definitions from class path resource [META-INF/spring/mydocuments-context.xml]
]]></system-err>
</testsuite>
